13:45:54 **** Incremental Build of configuration Debug for project OCU_test ****
make all 
Building file: ../main.c
Invoking: AVR Compiler
avr-gcc -Wall -g2 -gstabs -O0 -fpack-struct -fshort-enums -ffunction-sections -fdata-sections -std=gnu99 -funsigned-char -funsigned-bitfields -mmcu=atmega16 -DF_CPU=8000000UL -MMD -MP -MF"main.d" -MT"main.o" -c -o "main.o" "../main.c"
In file included from ../micro_config.h:18,
                 from ../Ocu.h:13,
                 from ../main.c:9:
f:/winavr/lib/gcc/../../avr/include/util/delay.h:90:3: warning: #warning "Compiler optimizations disabled; functions from <util/delay.h> won't work as designed"
Finished building: ../main.c
 
Building target: OCU_test.elf
Invoking: AVR C Linker
avr-gcc -Wl,-Map,OCU_test.map -mmcu=atmega16 -o "OCU_test.elf"  ./LCD.o ./Ocu.o ./main.o   
Finished building target: OCU_test.elf
 
Invoking: AVR Create Extended Listing
avr-objdump -h -S OCU_test.elf  >"OCU_test.lss"
Finished building: OCU_test.lss
 
Invoking: Print Size
avr-size --format=avr --mcu=atmega16 OCU_test.elf
AVR Memory Usage
----------------
Device: atmega16

Program:    6614 bytes (40.4% Full)
(.text + .data + .bootloader)

Data:         26 bytes (2.5% Full)
(.data + .bss + .noinit)


Finished building: sizedummy
 
