13:13:50 **** Incremental Build of configuration Debug for project HMI_ECU ****
make all 
Building file: ../Ocu.c
Invoking: AVR Compiler
avr-gcc -Wall -g2 -gstabs -O0 -fpack-struct -fshort-enums -ffunction-sections -fdata-sections -std=gnu99 -funsigned-char -funsigned-bitfields -mmcu=atmega16 -DF_CPU=8000000UL -MMD -MP -MF"Ocu.d" -MT"Ocu.o" -c -o "Ocu.o" "../Ocu.c"
In file included from ../micro_config.h:18,
                 from ../Ocu.h:15,
                 from ../Ocu.c:9:
f:/winavr/lib/gcc/../../avr/include/util/delay.h:90:3: warning: #warning "Compiler optimizations disabled; functions from <util/delay.h> won't work as designed"
In file included from ../Ocu.h:16,
                 from ../Ocu.c:9:
../LCD.h:16:2: warning: #warning "DRIVER SUPPORTS ONLY LCD WITH 2 ROWS"
../LCD.h:17:2: warning: #warning "4BIT_MODE: LOW_NIBBLE IS NOT WORKING"
Finished building: ../Ocu.c
 
Building target: HMI_ECU.elf
Invoking: AVR C Linker
avr-gcc -Wl,-Map,HMI_ECU.map -mmcu=atmega16 -o "HMI_ECU.elf"  ./I2C.o ./LCD.o ./Ocu.o ./UART.o ./hmi_ecu.o ./hmi_ecu_functions.o ./keypad.o ./timer.o   
Finished building target: HMI_ECU.elf
 
Invoking: AVR Create Extended Listing
avr-objdump -h -S HMI_ECU.elf  >"HMI_ECU.lss"
Finished building: HMI_ECU.lss
 
Invoking: Print Size
avr-size --format=avr --mcu=atmega16 HMI_ECU.elf
AVR Memory Usage
----------------
Device: atmega16

Program:   13894 bytes (84.8% Full)
(.text + .data + .bootloader)

Data:        464 bytes (45.3% Full)
(.data + .bss + .noinit)


Finished building: sizedummy
 

13:13:52 Build Finished (took 1s.409ms)

